Initial log likelihood: -4838.683863
Initializing took 0.560000 seconds.

SPLIT 1:
Recomputed: 1 splits, 1 features; worst-case edges: 9
Delta edges: 9 ; ll: 10.801878
Total edges: 1703 ; Depth: 7
Errcode = Stop; KLD = 6317.363597
Actual delta ll: -1478.679734
Elapsed time: 0.588000 seconds
Delta time: 0.028000 seconds
Times: pick=0.0000 split=0.0080 update=0.0200
Times: edges=0.0000 ll=0.0000 efx=0.0000 1dsearch=0.0000
Times: emp_p=0.0440 exp_p=0.1160 score2d=0.3400

SPLIT 2:
Recomputed: 2 splits, 3 features; worst-case edges: 9
Delta edges: 9 ; ll: 7.883487
Total edges: 1712 ; Depth: 7
Errcode = Stop; KLD = 6306.779998
Actual delta ll: 10.583599
Elapsed time: 0.612000 seconds
Delta time: 0.024000 seconds
Times: pick=0.0040 split=0.0080 update=0.0400
Times: edges=0.0000 ll=0.0040 efx=0.0040 1dsearch=0.0000
Times: emp_p=0.0440 exp_p=0.1160 score2d=0.3440

SPLIT 3:
Recomputed: 2 splits, 4 features; worst-case edges: 9
Delta edges: 9 ; ll: 7.309909
Total edges: 1721 ; Depth: 7
Errcode = Stop; KLD = 6297.908454
Actual delta ll: 8.871544
Elapsed time: 0.632000 seconds
Delta time: 0.020000 seconds
Times: pick=0.0120 split=0.0120 update=0.0480
Times: edges=0.0000 ll=0.0080 efx=0.0080 1dsearch=0.0000
Times: emp_p=0.0440 exp_p=0.1160 score2d=0.3480

SPLIT 4:
Recomputed: 1 splits, 1 features; worst-case edges: 9
Delta edges: 9 ; ll: 7.333665
Total edges: 1730 ; Depth: 7
Errcode = Stop; KLD = 6287.278291
Actual delta ll: 10.630163
Elapsed time: 0.648000 seconds
Delta time: 0.016000 seconds
Times: pick=0.0160 split=0.0120 update=0.0600
Times: edges=0.0000 ll=0.0080 efx=0.0080 1dsearch=0.0000
Times: emp_p=0.0440 exp_p=0.1160 score2d=0.3480

SPLIT 5:
Recomputed: 3 splits, 6 features; worst-case edges: 10
Delta edges: 9 ; ll: 7.027711
Total edges: 1739 ; Depth: 7
Errcode = Stop; KLD = 6278.517551
Actual delta ll: 8.760740
Elapsed time: 0.676000 seconds
Delta time: 0.028000 seconds
Times: pick=0.0280 split=0.0200 update=0.0680
Times: edges=0.0040 ll=0.0120 efx=0.0120 1dsearch=0.0000
Times: emp_p=0.0440 exp_p=0.1200 score2d=0.3480

SPLIT 6:
Recomputed: 5 splits, 5 features; worst-case edges: 25
Delta edges: 11 ; ll: 7.070580
Total edges: 1750 ; Depth: 8
Errcode = Stop; KLD = 6265.436035
Actual delta ll: 13.081517
Elapsed time: 0.700000 seconds
Delta time: 0.024000 seconds
Times: pick=0.0320 split=0.0240 update=0.0840
Times: edges=0.0040 ll=0.0160 efx=0.0160 1dsearch=0.0000
Times: emp_p=0.0440 exp_p=0.1200 score2d=0.3520

SPLIT 7:
Recomputed: 1 splits, 5 features; worst-case edges: 11
Delta edges: 11 ; ll: 6.786208
Total edges: 1761 ; Depth: 8
Errcode = Stop; KLD = 6257.219102
Actual delta ll: 8.216933
Elapsed time: 0.724000 seconds
Delta time: 0.024000 seconds
Times: pick=0.0400 split=0.0280 update=0.0960
Times: edges=0.0040 ll=0.0240 efx=0.0240 1dsearch=0.0000
Times: emp_p=0.0440 exp_p=0.1240 score2d=0.3520

SPLIT 8:
Recomputed: 1 splits, 1 features; worst-case edges: 9
Delta edges: 9 ; ll: 6.574359
Total edges: 1770 ; Depth: 8
Errcode = Stop; KLD = 6248.194554
Actual delta ll: 9.024547
Elapsed time: 0.748000 seconds
Delta time: 0.024000 seconds
Times: pick=0.0440 split=0.0320 update=0.1120
Times: edges=0.0040 ll=0.0240 efx=0.0240 1dsearch=0.0000
Times: emp_p=0.0480 exp_p=0.1240 score2d=0.3560

SPLIT 9:
Recomputed: 4 splits, 9 features; worst-case edges: 10
Delta edges: 9 ; ll: 6.365476
Total edges: 1779 ; Depth: 8
Errcode = Stop; KLD = 6240.355429
Actual delta ll: 7.839126
Elapsed time: 0.776000 seconds
Delta time: 0.028000 seconds
Times: pick=0.0560 split=0.0360 update=0.1240
Times: edges=0.0040 ll=0.0360 efx=0.0240 1dsearch=0.0000
Times: emp_p=0.0520 exp_p=0.1240 score2d=0.3560

SPLIT 10:
Recomputed: 4 splits, 11 features; worst-case edges: 13
Delta edges: 11 ; ll: 6.284255
Total edges: 1790 ; Depth: 8
Errcode = Stop; KLD = 6231.718448
Actual delta ll: 8.636981
Elapsed time: 0.812000 seconds
Delta time: 0.036000 seconds
Times: pick=0.0640 split=0.0440 update=0.1440
Times: edges=0.0040 ll=0.0440 efx=0.0240 1dsearch=0.0000
Times: emp_p=0.0520 exp_p=0.1240 score2d=0.3560

SPLIT 11:
Recomputed: 8 splits, 9 features; worst-case edges: 18
Delta edges: 9 ; ll: 5.870628
Total edges: 1799 ; Depth: 8
Errcode = Stop; KLD = 6223.983039
Actual delta ll: 7.735409
Elapsed time: 0.836000 seconds
Delta time: 0.024000 seconds
Times: pick=0.0720 split=0.0480 update=0.1560
Times: edges=0.0080 ll=0.0480 efx=0.0240 1dsearch=0.0000
Times: emp_p=0.0520 exp_p=0.1240 score2d=0.3600

SPLIT 12:
Recomputed: 1 splits, 1 features; worst-case edges: 9
Delta edges: 9 ; ll: 5.862689
Total edges: 1808 ; Depth: 8
Errcode = Stop; KLD = 6216.574952
Actual delta ll: 7.408087
Elapsed time: 0.864000 seconds
Delta time: 0.028000 seconds
Times: pick=0.0760 split=0.0480 update=0.1800
Times: edges=0.0080 ll=0.0480 efx=0.0240 1dsearch=0.0000
Times: emp_p=0.0520 exp_p=0.1240 score2d=0.3680

SPLIT 13:
Recomputed: 4 splits, 5 features; worst-case edges: 31
Delta edges: 9 ; ll: 5.771977
Total edges: 1817 ; Depth: 8
Errcode = Stop; KLD = 6209.136096
Actual delta ll: 7.438857
Elapsed time: 0.880000 seconds
Delta time: 0.016000 seconds
Times: pick=0.0800 split=0.0520 update=0.1880
Times: edges=0.0080 ll=0.0520 efx=0.0280 1dsearch=0.0000
Times: emp_p=0.0520 exp_p=0.1280 score2d=0.3680

SPLIT 14:
Recomputed: 4 splits, 4 features; worst-case edges: 14
Delta edges: 12 ; ll: 5.991986
Total edges: 1829 ; Depth: 10
Errcode = Stop; KLD = 6200.957775
Actual delta ll: 8.178320
Elapsed time: 0.908000 seconds
Delta time: 0.028000 seconds
Times: pick=0.0840 split=0.0560 update=0.2080
Times: edges=0.0080 ll=0.0520 efx=0.0280 1dsearch=0.0000
Times: emp_p=0.0520 exp_p=0.1280 score2d=0.3680

SPLIT 15:
Recomputed: 1 splits, 1 features; worst-case edges: 21
Delta edges: 21 ; ll: 6.999591
Total edges: 1850 ; Depth: 12
Errcode = Stop; KLD = 6192.786112
Actual delta ll: 8.171664
Elapsed time: 0.932000 seconds
Delta time: 0.024000 seconds
Times: pick=0.0920 split=0.0600 update=0.2200
Times: edges=0.0080 ll=0.0520 efx=0.0280 1dsearch=0.0000
Times: emp_p=0.0520 exp_p=0.1280 score2d=0.3680

SPLIT 16:
Recomputed: 4 splits, 9 features; worst-case edges: 32
Delta edges: 9 ; ll: 5.524816
Total edges: 1859 ; Depth: 12
Errcode = Stop; KLD = 6185.463160
Actual delta ll: 7.322952
Elapsed time: 0.964000 seconds
Delta time: 0.032000 seconds
Times: pick=0.0960 split=0.0640 update=0.2440
Times: edges=0.0080 ll=0.0560 efx=0.0280 1dsearch=0.0000
Times: emp_p=0.0560 exp_p=0.1280 score2d=0.3680

SPLIT 17:
Recomputed: 4 splits, 8 features; worst-case edges: 30
Delta edges: 9 ; ll: 5.437119
Total edges: 1868 ; Depth: 12
Errcode = Stop; KLD = 6178.352377
Actual delta ll: 7.110783
Elapsed time: 0.988000 seconds
Delta time: 0.024000 seconds
Times: pick=0.1040 split=0.0680 update=0.2560
Times: edges=0.0080 ll=0.0640 efx=0.0320 1dsearch=0.0000
Times: emp_p=0.0560 exp_p=0.1280 score2d=0.3720

SPLIT 18:
Recomputed: 1 splits, 1 features; worst-case edges: 13
Delta edges: 13 ; ll: 5.830159
Total edges: 1881 ; Depth: 12
Errcode = Stop; KLD = 6171.023248
Actual delta ll: 7.329129
Elapsed time: 1.012000 seconds
Delta time: 0.024000 seconds
Times: pick=0.1040 split=0.0720 update=0.2760
Times: edges=0.0080 ll=0.0640 efx=0.0320 1dsearch=0.0000
Times: emp_p=0.0560 exp_p=0.1280 score2d=0.3720

SPLIT 19:
Recomputed: 2 splits, 2 features; worst-case edges: 29
Delta edges: 11 ; ll: 5.610184
Total edges: 1892 ; Depth: 12
Errcode = Stop; KLD = 6162.828621
Actual delta ll: 8.194627
Elapsed time: 1.040000 seconds
Delta time: 0.028000 seconds
Times: pick=0.1080 split=0.0760 update=0.2960
Times: edges=0.0080 ll=0.0680 efx=0.0360 1dsearch=0.0000
Times: emp_p=0.0560 exp_p=0.1280 score2d=0.3760

SPLIT 20:
Recomputed: 1 splits, 2 features; worst-case edges: 11
Delta edges: 11 ; ll: 5.658374
Total edges: 1903 ; Depth: 12
Errcode = Stop; KLD = 6155.452125
Actual delta ll: 7.376496
Elapsed time: 1.056000 seconds
Delta time: 0.016000 seconds
Times: pick=0.1080 split=0.0800 update=0.3080
Times: edges=0.0080 ll=0.0680 efx=0.0360 1dsearch=0.0000
Times: emp_p=0.0560 exp_p=0.1280 score2d=0.3800

SPLIT 21:
Recomputed: 8 splits, 11 features; worst-case edges: 32
Delta edges: 13 ; ll: 5.560745
Total edges: 1916 ; Depth: 12
Errcode = Stop; KLD = 6148.011397
Actual delta ll: 7.440728
Elapsed time: 1.092000 seconds
Delta time: 0.036000 seconds
Times: pick=0.1200 split=0.0880 update=0.3240
Times: edges=0.0120 ll=0.0760 efx=0.0440 1dsearch=0.0000
Times: emp_p=0.0560 exp_p=0.1280 score2d=0.3800

SPLIT 22:
Recomputed: 16 splits, 29 features; worst-case edges: 32
Delta edges: 10 ; ll: 4.823028
Total edges: 1926 ; Depth: 12
Errcode = Stop; KLD = 6140.666277
Actual delta ll: 7.345120
Elapsed time: 1.148000 seconds
Delta time: 0.056000 seconds
Times: pick=0.1440 split=0.0960 update=0.3480
Times: edges=0.0120 ll=0.0920 efx=0.0600 1dsearch=0.0040
Times: emp_p=0.0560 exp_p=0.1280 score2d=0.3840

SPLIT 23:
Recomputed: 3 splits, 3 features; worst-case edges: 23
Delta edges: 13 ; ll: 5.113044
Total edges: 1939 ; Depth: 12
Errcode = Stop; KLD = 6133.097293
Actual delta ll: 7.568984
Elapsed time: 1.172000 seconds
Delta time: 0.024000 seconds
Times: pick=0.1440 split=0.1040 update=0.3640
Times: edges=0.0120 ll=0.0920 efx=0.0600 1dsearch=0.0040
Times: emp_p=0.0560 exp_p=0.1280 score2d=0.3840

SPLIT 24:
Recomputed: 5 splits, 8 features; worst-case edges: 22
Delta edges: 12 ; ll: 4.842754
Total edges: 1951 ; Depth: 14
Errcode = Stop; KLD = 6126.593349
Actual delta ll: 6.503944
Elapsed time: 1.212000 seconds
Delta time: 0.040000 seconds
Times: pick=0.1560 split=0.1160 update=0.3800
Times: edges=0.0120 ll=0.1000 efx=0.0680 1dsearch=0.0040
Times: emp_p=0.0560 exp_p=0.1280 score2d=0.3880

SPLIT 25:
Recomputed: 8 splits, 12 features; worst-case edges: 33
Delta edges: 9 ; ll: 4.380496
Total edges: 1960 ; Depth: 14
Errcode = Stop; KLD = 6120.286009
Actual delta ll: 6.307340
Elapsed time: 1.292000 seconds
Delta time: 0.080000 seconds
Times: pick=0.1680 split=0.1200 update=0.4440
Times: edges=0.0120 ll=0.1120 efx=0.0800 1dsearch=0.0040
Times: emp_p=0.0560 exp_p=0.1280 score2d=0.3920

SPLIT 26:
Recomputed: 1 splits, 1 features; worst-case edges: 9
Delta edges: 9 ; ll: 4.376518
Total edges: 1969 ; Depth: 14
Errcode = Stop; KLD = 6113.357637
Actual delta ll: 6.928373
Elapsed time: 1.316000 seconds
Delta time: 0.024000 seconds
Times: pick=0.1720 split=0.1200 update=0.4640
Times: edges=0.0120 ll=0.1160 efx=0.0840 1dsearch=0.0040
Times: emp_p=0.0560 exp_p=0.1280 score2d=0.3960

SPLIT 27:
Recomputed: 4 splits, 12 features; worst-case edges: 28
Delta edges: 9 ; ll: 4.312950
Total edges: 1978 ; Depth: 14
Errcode = Stop; KLD = 6106.984281
Actual delta ll: 6.373355
Elapsed time: 1.344000 seconds
Delta time: 0.028000 seconds
Times: pick=0.1800 split=0.1200 update=0.4840
Times: edges=0.0120 ll=0.1240 efx=0.0920 1dsearch=0.0040
Times: emp_p=0.0560 exp_p=0.1280 score2d=0.4000

SPLIT 28:
Recomputed: 19 splits, 24 features; worst-case edges: 35
Delta edges: 10 ; ll: 4.167902
Total edges: 1988 ; Depth: 14
Errcode = Stop; KLD = 6101.506045
Actual delta ll: 5.478237
Elapsed time: 1.396000 seconds
Delta time: 0.052000 seconds
Times: pick=0.2000 split=0.1240 update=0.5120
Times: edges=0.0120 ll=0.1400 efx=0.1080 1dsearch=0.0040
Times: emp_p=0.0560 exp_p=0.1320 score2d=0.4040

SPLIT 29:
Recomputed: 1 splits, 1 features; worst-case edges: 13
Delta edges: 13 ; ll: 4.484174
Total edges: 2001 ; Depth: 14
Errcode = Stop; KLD = 6095.220870
Actual delta ll: 6.285175
Elapsed time: 1.416000 seconds
Delta time: 0.020000 seconds
Times: pick=0.2000 split=0.1280 update=0.5280
Times: edges=0.0120 ll=0.1400 efx=0.1080 1dsearch=0.0040
Times: emp_p=0.0560 exp_p=0.1320 score2d=0.4080

SPLIT 30:
Recomputed: 1 splits, 2 features; worst-case edges: 9
Delta edges: 9 ; ll: 4.048710
Total edges: 2010 ; Depth: 14
Errcode = Stop; KLD = 6089.246348
Actual delta ll: 5.974522
Elapsed time: 1.452000 seconds
Delta time: 0.036000 seconds
Times: pick=0.2000 split=0.1320 update=0.5600
Times: edges=0.0120 ll=0.1400 efx=0.1080 1dsearch=0.0040
Times: emp_p=0.0560 exp_p=0.1320 score2d=0.4080

SPLIT 31:
Recomputed: 6 splits, 8 features; worst-case edges: 33
Delta edges: 9 ; ll: 4.016621
Total edges: 2019 ; Depth: 14
Errcode = Stop; KLD = 6083.939499
Actual delta ll: 5.306848
Elapsed time: 1.484000 seconds
Delta time: 0.032000 seconds
Times: pick=0.2080 split=0.1360 update=0.5800
Times: edges=0.0120 ll=0.1480 efx=0.1160 1dsearch=0.0040
Times: emp_p=0.0560 exp_p=0.1320 score2d=0.4080

SPLIT 32:
Recomputed: 1 splits, 4 features; worst-case edges: 9
Delta edges: 9 ; ll: 3.982016
Total edges: 2028 ; Depth: 14
Errcode = Stop; KLD = 6077.384153
Actual delta ll: 6.555346
Elapsed time: 1.508000 seconds
Delta time: 0.024000 seconds
Times: pick=0.2120 split=0.1400 update=0.5960
Times: edges=0.0120 ll=0.1520 efx=0.1200 1dsearch=0.0040
Times: emp_p=0.0560 exp_p=0.1360 score2d=0.4080

SPLIT 33:
Recomputed: 1 splits, 2 features; worst-case edges: 9
Delta edges: 9 ; ll: 3.982016
Total edges: 2037 ; Depth: 14
Errcode = Stop; KLD = 6070.828094
Actual delta ll: 6.556059
Elapsed time: 1.532000 seconds
Delta time: 0.024000 seconds
Times: pick=0.2160 split=0.1440 update=0.6120
Times: edges=0.0120 ll=0.1560 efx=0.1240 1dsearch=0.0040
Times: emp_p=0.0560 exp_p=0.1400 score2d=0.4080

SPLIT 34:
Recomputed: 7 splits, 17 features; worst-case edges: 26
Delta edges: 9 ; ll: 3.801005
Total edges: 2046 ; Depth: 14
Errcode = Stop; KLD = 6065.173184
Actual delta ll: 5.654910
Elapsed time: 1.572000 seconds
Delta time: 0.040000 seconds
Times: pick=0.2360 split=0.1480 update=0.6280
Times: edges=0.0120 ll=0.1680 efx=0.1360 1dsearch=0.0040
Times: emp_p=0.0560 exp_p=0.1400 score2d=0.4120

SPLIT 35:
Recomputed: 1 splits, 1 features; worst-case edges: 9
Delta edges: 9 ; ll: 3.795796
Total edges: 2055 ; Depth: 14
Errcode = Stop; KLD = 6060.198010
Actual delta ll: 4.975174
Elapsed time: 1.600000 seconds
Delta time: 0.028000 seconds
Times: pick=0.2400 split=0.1560 update=0.6440
Times: edges=0.0120 ll=0.1680 efx=0.1360 1dsearch=0.0040
Times: emp_p=0.0560 exp_p=0.1440 score2d=0.4120

SPLIT 36:
Recomputed: 12 splits, 16 features; worst-case edges: 23
Delta edges: 19 ; ll: 4.685089
Total edges: 2074 ; Depth: 14
Errcode = Stop; KLD = 6054.136258
Actual delta ll: 6.061752
Elapsed time: 1.644000 seconds
Delta time: 0.044000 seconds
Times: pick=0.2560 split=0.1600 update=0.6680
Times: edges=0.0120 ll=0.1800 efx=0.1480 1dsearch=0.0040
Times: emp_p=0.0560 exp_p=0.1480 score2d=0.4120

SPLIT 37:
Recomputed: 13 splits, 24 features; worst-case edges: 37
Delta edges: 12 ; ll: 3.827279
Total edges: 2086 ; Depth: 14
Errcode = Stop; KLD = 6047.394564
Actual delta ll: 6.741693
Elapsed time: 1.692000 seconds
Delta time: 0.048000 seconds
Times: pick=0.2760 split=0.1640 update=0.6920
Times: edges=0.0120 ll=0.1960 efx=0.1640 1dsearch=0.0040
Times: emp_p=0.0560 exp_p=0.1480 score2d=0.4160

SPLIT 38:
Recomputed: 8 splits, 14 features; worst-case edges: 32
Delta edges: 9 ; ll: 3.468123
Total edges: 2095 ; Depth: 14
Errcode = Stop; KLD = 6042.220455
Actual delta ll: 5.174109
Elapsed time: 1.728000 seconds
Delta time: 0.036000 seconds
Times: pick=0.2920 split=0.1680 update=0.7080
Times: edges=0.0120 ll=0.2080 efx=0.1760 1dsearch=0.0080
Times: emp_p=0.0560 exp_p=0.1480 score2d=0.4200

SPLIT 39:
Recomputed: 18 splits, 22 features; worst-case edges: 32
Delta edges: 12 ; ll: 3.631814
Total edges: 2107 ; Depth: 14
Errcode = Stop; KLD = 6036.085263
Actual delta ll: 6.135192
Elapsed time: 1.776000 seconds
Delta time: 0.048000 seconds
Times: pick=0.3200 split=0.1720 update=0.7240
Times: edges=0.0120 ll=0.2360 efx=0.2040 1dsearch=0.0080
Times: emp_p=0.0560 exp_p=0.1480 score2d=0.4240

SPLIT 40:
Recomputed: 19 splits, 31 features; worst-case edges: 25
Delta edges: 21 ; ll: 4.413151
Total edges: 2128 ; Depth: 16
Errcode = Stop; KLD = 6029.872474
Actual delta ll: 6.212790
Elapsed time: 1.840000 seconds
Delta time: 0.064000 seconds
Times: pick=0.3560 split=0.1760 update=0.7480
Times: edges=0.0120 ll=0.2680 efx=0.2360 1dsearch=0.0080
Times: emp_p=0.0600 exp_p=0.1480 score2d=0.4240

SPLIT 41:
Recomputed: 4 splits, 12 features; worst-case edges: 14
Delta edges: 9 ; ll: 3.180644
Total edges: 2137 ; Depth: 16
Errcode = Stop; KLD = 6024.300086
Actual delta ll: 5.572388
Elapsed time: 1.876000 seconds
Delta time: 0.036000 seconds
Times: pick=0.3720 split=0.1800 update=0.7640
Times: edges=0.0120 ll=0.2840 efx=0.2480 1dsearch=0.0080
Times: emp_p=0.0600 exp_p=0.1480 score2d=0.4280

SPLIT 42:
Recomputed: 40 splits, 36 features; worst-case edges: 35
Learning converged with edge penalty of 0.100000.
Continuing with new edge cost of 0.050000.
Recomputed: 45 splits, 31 features; worst-case edges: 63
Delta edges: 34 ; ll: 5.000825
Total edges: 2171 ; Depth: 16
Errcode = Stop; KLD = 6017.177628
Actual delta ll: 7.122458
Elapsed time: 1.984000 seconds
Delta time: 0.108000 seconds
Times: pick=0.4600 split=0.1840 update=0.7800
Times: edges=0.0200 ll=0.3480 efx=0.3080 1dsearch=0.0080
Times: emp_p=0.0600 exp_p=0.1480 score2d=0.4320

SPLIT 43:
Recomputed: 17 splits, 17 features; worst-case edges: 57
Delta edges: 11 ; ll: 3.623034
Total edges: 2182 ; Depth: 16
Errcode = Stop; KLD = 6010.697184
Actual delta ll: 6.480444
Elapsed time: 2.028000 seconds
Delta time: 0.044000 seconds
Times: pick=0.4800 split=0.1920 update=0.7960
Times: edges=0.0240 ll=0.3600 efx=0.3200 1dsearch=0.0080
Times: emp_p=0.0600 exp_p=0.1480 score2d=0.4360

SPLIT 44:
Recomputed: 1 splits, 1 features; worst-case edges: 23
Delta edges: 23 ; ll: 5.751482
Total edges: 2205 ; Depth: 16
Errcode = Stop; KLD = 6002.415023
Actual delta ll: 8.282160
Elapsed time: 2.060000 seconds
Delta time: 0.032000 seconds
Times: pick=0.4800 split=0.2000 update=0.8200
Times: edges=0.0240 ll=0.3600 efx=0.3200 1dsearch=0.0080
Times: emp_p=0.0600 exp_p=0.1480 score2d=0.4400

SPLIT 45:
Recomputed: 29 splits, 29 features; worst-case edges: 57
Delta edges: 57 ; ll: 5.504446
Total edges: 2262 ; Depth: 17
Errcode = Stop; KLD = 5994.556232
Actual delta ll: 7.858791
Elapsed time: 2.120000 seconds
Delta time: 0.060000 seconds
Times: pick=0.5160 split=0.2040 update=0.8400
Times: edges=0.0240 ll=0.3960 efx=0.3440 1dsearch=0.0080
Times: emp_p=0.0600 exp_p=0.1480 score2d=0.4440

SPLIT 46:
Recomputed: 15 splits, 21 features; worst-case edges: 25
Delta edges: 9 ; ll: 2.938586
Total edges: 2271 ; Depth: 17
Errcode = Stop; KLD = 5989.855708
Actual delta ll: 4.700524
Elapsed time: 2.168000 seconds
Delta time: 0.048000 seconds
Times: pick=0.5400 split=0.2080 update=0.8600
Times: edges=0.0240 ll=0.4200 efx=0.3640 1dsearch=0.0080
Times: emp_p=0.0600 exp_p=0.1480 score2d=0.4480

SPLIT 47:
Recomputed: 2 splits, 3 features; worst-case edges: 35
Delta edges: 35 ; ll: 4.237260
Total edges: 2306 ; Depth: 18
Errcode = Stop; KLD = 5983.089159
Actual delta ll: 6.766549
Elapsed time: 2.208000 seconds
Delta time: 0.040000 seconds
Times: pick=0.5440 split=0.2120 update=0.8920
Times: edges=0.0240 ll=0.4240 efx=0.3680 1dsearch=0.0080
Times: emp_p=0.0600 exp_p=0.1520 score2d=0.4520

SPLIT 48:
Recomputed: 6 splits, 14 features; worst-case edges: 57
Delta edges: 12 ; ll: 2.877415
Total edges: 2318 ; Depth: 18
Errcode = Stop; KLD = 5978.608021
Actual delta ll: 4.481138
Elapsed time: 2.252000 seconds
Delta time: 0.044000 seconds
Times: pick=0.5600 split=0.2200 update=0.9120
Times: edges=0.0240 ll=0.4360 efx=0.3800 1dsearch=0.0120
Times: emp_p=0.0600 exp_p=0.1520 score2d=0.4560

SPLIT 49:
Recomputed: 9 splits, 16 features; worst-case edges: 28
Delta edges: 9 ; ll: 2.690298
Total edges: 2327 ; Depth: 18
Errcode = Stop; KLD = 5974.780133
Actual delta ll: 3.827889
Elapsed time: 2.300000 seconds
Delta time: 0.048000 seconds
Times: pick=0.5800 split=0.2240 update=0.9360
Times: edges=0.0240 ll=0.4560 efx=0.4000 1dsearch=0.0120
Times: emp_p=0.0600 exp_p=0.1560 score2d=0.4560

SPLIT 50:
Recomputed: 18 splits, 44 features; worst-case edges: 31
Learning converged with edge penalty of 0.050000.
Continuing with new edge cost of 0.025000.
Recomputed: 38 splits, 38 features; worst-case edges: 112
Delta edges: 37 ; ll: 3.597459
Total edges: 2364 ; Depth: 18
Errcode = Stop; KLD = 5969.719849
Actual delta ll: 5.060283
Elapsed time: 2.424000 seconds
Delta time: 0.124000 seconds
Times: pick=0.6760 split=0.2280 update=0.9600
Times: edges=0.0320 ll=0.5280 efx=0.4680 1dsearch=0.0120
Times: emp_p=0.0600 exp_p=0.1600 score2d=0.4600

SPLIT 51:
Recomputed: 9 splits, 10 features; worst-case edges: 22
Delta edges: 15 ; ll: 2.946074
Total edges: 2379 ; Depth: 18
Errcode = Stop; KLD = 5965.527552
Actual delta ll: 4.192297
Elapsed time: 2.468000 seconds
Delta time: 0.044000 seconds
Times: pick=0.6880 split=0.2400 update=0.9800
Times: edges=0.0320 ll=0.5400 efx=0.4800 1dsearch=0.0120
Times: emp_p=0.0600 exp_p=0.1600 score2d=0.4640

SPLIT 52:
Recomputed: 6 splits, 9 features; worst-case edges: 25
Delta edges: 25 ; ll: 3.088866
Total edges: 2404 ; Depth: 18
Errcode = Stop; KLD = 5961.683110
Actual delta ll: 3.844442
Elapsed time: 2.508000 seconds
Delta time: 0.040000 seconds
Times: pick=0.7000 split=0.2440 update=1.0040
Times: edges=0.0360 ll=0.5480 efx=0.4880 1dsearch=0.0120
Times: emp_p=0.0600 exp_p=0.1600 score2d=0.4680

SPLIT 53:
Recomputed: 5 splits, 7 features; worst-case edges: 33
Delta edges: 27 ; ll: 3.136379
Total edges: 2431 ; Depth: 19
Errcode = Stop; KLD = 5957.539502
Actual delta ll: 4.143608
Elapsed time: 2.552000 seconds
Delta time: 0.044000 seconds
Times: pick=0.7120 split=0.2560 update=1.0240
Times: edges=0.0360 ll=0.5560 efx=0.4960 1dsearch=0.0120
Times: emp_p=0.0600 exp_p=0.1600 score2d=0.4720

SPLIT 54:
Recomputed: 26 splits, 36 features; worst-case edges: 50
Delta edges: 50 ; ll: 3.463854
Total edges: 2481 ; Depth: 20
Errcode = Stop; KLD = 5951.666037
Actual delta ll: 5.873465
Elapsed time: 2.628000 seconds
Delta time: 0.076000 seconds
Times: pick=0.7600 split=0.2600 update=1.0480
Times: edges=0.0360 ll=0.6040 efx=0.5400 1dsearch=0.0120
Times: emp_p=0.0600 exp_p=0.1600 score2d=0.4760

SPLIT 55:
Recomputed: 3 splits, 4 features; worst-case edges: 44
Delta edges: 15 ; ll: 2.574818
Total edges: 2496 ; Depth: 20
Errcode = Stop; KLD = 5948.237229
Actual delta ll: 3.428808
Elapsed time: 2.668000 seconds
Delta time: 0.040000 seconds
Times: pick=0.7680 split=0.2640 update=1.0760
Times: edges=0.0400 ll=0.6080 efx=0.5440 1dsearch=0.0120
Times: emp_p=0.0600 exp_p=0.1640 score2d=0.4760

SPLIT 56:
Recomputed: 36 splits, 38 features; worst-case edges: 80
Learning converged with edge penalty of 0.025000.
Continuing with new edge cost of 0.012500.
Recomputed: 31 splits, 26 features; worst-case edges: 135
Delta edges: 66 ; ll: 3.519694
Total edges: 2562 ; Depth: 20
Errcode = Stop; KLD = 5944.285249
Actual delta ll: 3.951980
Elapsed time: 2.800000 seconds
Delta time: 0.132000 seconds
Times: pick=0.8720 split=0.2680 update=1.1000
Times: edges=0.0440 ll=0.6840 efx=0.6080 1dsearch=0.0120
Times: emp_p=0.0600 exp_p=0.1640 score2d=0.4760

SPLIT 57:
Recomputed: 15 splits, 17 features; worst-case edges: 57
Delta edges: 57 ; ll: 3.210645
Total edges: 2619 ; Depth: 22
Errcode = Stop; KLD = 5938.277197
Actual delta ll: 6.008051
Elapsed time: 2.852000 seconds
Delta time: 0.052000 seconds
Times: pick=0.8920 split=0.2720 update=1.1280
Times: edges=0.0440 ll=0.6960 efx=0.6200 1dsearch=0.0160
Times: emp_p=0.0600 exp_p=0.1640 score2d=0.4800

SPLIT 58:
Recomputed: 14 splits, 14 features; worst-case edges: 56
Delta edges: 26 ; ll: 2.736545
Total edges: 2645 ; Depth: 22
Errcode = Stop; KLD = 5934.022518
Actual delta ll: 4.254680
Elapsed time: 2.912000 seconds
Delta time: 0.060000 seconds
Times: pick=0.9200 split=0.2800 update=1.1520
Times: edges=0.0480 ll=0.7200 efx=0.6400 1dsearch=0.0160
Times: emp_p=0.0600 exp_p=0.1640 score2d=0.4840

SPLIT 59:
Recomputed: 28 splits, 27 features; worst-case edges: 147
Delta edges: 147 ; ll: 4.098795
Total edges: 2792 ; Depth: 22
Errcode = Stop; KLD = 5928.152989
Actual delta ll: 5.869529
Elapsed time: 2.984000 seconds
Delta time: 0.072000 seconds
Times: pick=0.9520 split=0.2880 update=1.1840
Times: edges=0.0480 ll=0.7480 efx=0.6680 1dsearch=0.0160
Times: emp_p=0.0600 exp_p=0.1720 score2d=0.4840

SPLIT 60:
Recomputed: 4 splits, 8 features; worst-case edges: 68
Delta edges: 11 ; ll: 2.656570
Total edges: 2803 ; Depth: 23
Errcode = Stop; KLD = 5924.300070
Actual delta ll: 3.852919
Elapsed time: 3.020000 seconds
Delta time: 0.036000 seconds
Times: pick=0.9600 split=0.2960 update=1.2040
Times: edges=0.0480 ll=0.7520 efx=0.6720 1dsearch=0.0160
Times: emp_p=0.0600 exp_p=0.1760 score2d=0.4880

SPLIT 61:
Recomputed: 1 splits, 1 features; worst-case edges: 37
Delta edges: 37 ; ll: 2.709002
Total edges: 2840 ; Depth: 23
Errcode = Stop; KLD = 5920.183209
Actual delta ll: 4.116861
Elapsed time: 3.052000 seconds
Delta time: 0.032000 seconds
Times: pick=0.9600 split=0.3040 update=1.2280
Times: edges=0.0480 ll=0.7520 efx=0.6720 1dsearch=0.0160
Times: emp_p=0.0600 exp_p=0.1760 score2d=0.4920

SPLIT 62:
Recomputed: 4 splits, 6 features; worst-case edges: 39
Delta edges: 16 ; ll: 2.584139
Total edges: 2856 ; Depth: 23
Errcode = Stop; KLD = 5916.338527
Actual delta ll: 3.844682
Elapsed time: 3.092000 seconds
Delta time: 0.040000 seconds
Times: pick=0.9760 split=0.3080 update=1.2480
Times: edges=0.0480 ll=0.7600 efx=0.6800 1dsearch=0.0160
Times: emp_p=0.0600 exp_p=0.1760 score2d=0.4960

SPLIT 63:
Recomputed: 6 splits, 8 features; worst-case edges: 64
Delta edges: 42 ; ll: 2.715063
Total edges: 2898 ; Depth: 23
Errcode = Stop; KLD = 5912.013013
Actual delta ll: 4.325514
Elapsed time: 3.144000 seconds
Delta time: 0.052000 seconds
Times: pick=0.9880 split=0.3120 update=1.2840
Times: edges=0.0480 ll=0.7720 efx=0.6920 1dsearch=0.0160
Times: emp_p=0.0600 exp_p=0.1760 score2d=0.5000

SPLIT 64:
Recomputed: 9 splits, 17 features; worst-case edges: 65
Delta edges: 9 ; ll: 2.291279
Total edges: 2907 ; Depth: 23
Errcode = Stop; KLD = 5908.469325
Actual delta ll: 3.543687
Elapsed time: 3.196000 seconds
Delta time: 0.052000 seconds
Times: pick=1.0160 split=0.3200 update=1.3000
Times: edges=0.0560 ll=0.7920 efx=0.7040 1dsearch=0.0160
Times: emp_p=0.0600 exp_p=0.1800 score2d=0.5000

SPLIT 65:
Recomputed: 5 splits, 10 features; worst-case edges: 60
Delta edges: 56 ; ll: 2.865255
Total edges: 2963 ; Depth: 24
Errcode = Stop; KLD = 5904.883824
Actual delta ll: 3.585502
Elapsed time: 3.240000 seconds
Delta time: 0.044000 seconds
Times: pick=1.0280 split=0.3280 update=1.3240
Times: edges=0.0560 ll=0.8000 efx=0.7120 1dsearch=0.0160
Times: emp_p=0.0600 exp_p=0.1800 score2d=0.5000

SPLIT 66:
Recomputed: 8 splits, 14 features; worst-case edges: 70
Learning converged with edge penalty of 0.012500.
Continuing with new edge cost of 0.006250.
Recomputed: 28 splits, 24 features; worst-case edges: 138
Delta edges: 69 ; ll: 2.918736
Total edges: 3032 ; Depth: 24
Errcode = Stop; KLD = 5901.405882
Actual delta ll: 3.477942
Elapsed time: 3.336000 seconds
Delta time: 0.096000 seconds
Times: pick=1.1000 split=0.3320 update=1.3440
Times: edges=0.0720 ll=0.8360 efx=0.7400 1dsearch=0.0160
Times: emp_p=0.0600 exp_p=0.1800 score2d=0.5000

SPLIT 67:
Recomputed: 8 splits, 8 features; worst-case edges: 58
Delta edges: 43 ; ll: 2.597725
Total edges: 3075 ; Depth: 26
Errcode = Stop; KLD = 5898.102543
Actual delta ll: 3.303339
Elapsed time: 3.384000 seconds
Delta time: 0.048000 seconds
Times: pick=1.1160 split=0.3400 update=1.3680
Times: edges=0.0720 ll=0.8480 efx=0.7480 1dsearch=0.0160
Times: emp_p=0.0600 exp_p=0.1840 score2d=0.5000

SPLIT 68:
Recomputed: 16 splits, 16 features; worst-case edges: 118
Delta edges: 8 ; ll: 2.274964
Total edges: 3083 ; Depth: 26
Errcode = Stop; KLD = 5893.349825
Actual delta ll: 4.752718
Elapsed time: 3.436000 seconds
Delta time: 0.052000 seconds
Times: pick=1.1360 split=0.3480 update=1.3920
Times: edges=0.0760 ll=0.8600 efx=0.7600 1dsearch=0.0160
Times: emp_p=0.0600 exp_p=0.1840 score2d=0.5040

SPLIT 69:
Recomputed: 4 splits, 5 features; worst-case edges: 86
Delta edges: 86 ; ll: 2.746997
Total edges: 3169 ; Depth: 28
Errcode = Stop; KLD = 5888.004095
Actual delta ll: 5.345730
Elapsed time: 3.480000 seconds
Delta time: 0.044000 seconds
Times: pick=1.1480 split=0.3560 update=1.4160
Times: edges=0.0760 ll=0.8680 efx=0.7640 1dsearch=0.0160
Times: emp_p=0.0600 exp_p=0.1880 score2d=0.5040

SPLIT 70:
Recomputed: 29 splits, 32 features; worst-case edges: 138
Learning converged with edge penalty of 0.006250.
Continuing with new edge cost of 0.003125.
Recomputed: 36 splits, 33 features; worst-case edges: 256
Delta edges: 233 ; ll: 2.974256
Total edges: 3402 ; Depth: 30
Errcode = Stop; KLD = 5884.097691
Actual delta ll: 3.906404
Elapsed time: 3.612000 seconds
Delta time: 0.132000 seconds
Times: pick=1.2520 split=0.3600 update=1.4400
Times: edges=0.0880 ll=0.9360 efx=0.8280 1dsearch=0.0200
Times: emp_p=0.0640 exp_p=0.1880 score2d=0.5040

SPLIT 71:
Recomputed: 30 splits, 33 features; worst-case edges: 272
Delta edges: 96 ; ll: 2.522045
Total edges: 3498 ; Depth: 30
Errcode = Stop; KLD = 5880.650376
Actual delta ll: 3.447315
Elapsed time: 3.708000 seconds
Delta time: 0.096000 seconds
Times: pick=1.3040 split=0.3680 update=1.4760
Times: edges=0.0960 ll=0.9800 efx=0.8680 1dsearch=0.0200
Times: emp_p=0.0680 exp_p=0.1880 score2d=0.5040

SPLIT 72:
Recomputed: 8 splits, 11 features; worst-case edges: 101
Learning converged with edge penalty of 0.003125.
Continuing with new edge cost of 0.001563.
Recomputed: 17 splits, 17 features; worst-case edges: 490
Delta edges: 283 ; ll: 2.867625
Total edges: 3781 ; Depth: 32
Errcode = Stop; KLD = 5875.675868
Actual delta ll: 4.974508
Elapsed time: 3.800000 seconds
Delta time: 0.092000 seconds
Times: pick=1.3560 split=0.3760 update=1.5080
Times: edges=0.0960 ll=1.0160 efx=0.9040 1dsearch=0.0200
Times: emp_p=0.0680 exp_p=0.1920 score2d=0.5080

SPLIT 73:
Recomputed: 32 splits, 27 features; worst-case edges: 544
Delta edges: 63 ; ll: 2.269815
Total edges: 3844 ; Depth: 32
Errcode = Stop; KLD = 5871.749332
Actual delta ll: 3.926536
Elapsed time: 3.880000 seconds
Delta time: 0.080000 seconds
Times: pick=1.4000 split=0.3840 update=1.5360
Times: edges=0.1120 ll=1.0360 efx=0.9200 1dsearch=0.0200
Times: emp_p=0.0680 exp_p=0.1960 score2d=0.5080

SPLIT 74:
Recomputed: 3 splits, 5 features; worst-case edges: 546
Learning converged with edge penalty of 0.001563.
Continuing with new edge cost of 0.000781.
Recomputed: 10 splits, 8 features; worst-case edges: 726
Delta edges: 580 ; ll: 2.995330
Total edges: 4424 ; Depth: 34
Errcode = Stop; KLD = 5868.307661
Actual delta ll: 3.441671
Elapsed time: 3.972000 seconds
Delta time: 0.092000 seconds
Times: pick=1.4480 split=0.3960 update=1.5680
Times: edges=0.1320 ll=1.0480 efx=0.9320 1dsearch=0.0200
Times: emp_p=0.0680 exp_p=0.1960 score2d=0.5120

SPLIT 75:
Recomputed: 23 splits, 21 features; worst-case edges: 984
Delta edges: 244 ; ll: 2.461619
Total edges: 4668 ; Depth: 36
Errcode = Stop; KLD = 5863.231748
Actual delta ll: 5.075914
Elapsed time: 4.080000 seconds
Delta time: 0.108000 seconds
Times: pick=1.4880 split=0.4040 update=1.6280
Times: edges=0.1360 ll=1.0840 efx=0.9640 1dsearch=0.0200
Times: emp_p=0.0680 exp_p=0.1960 score2d=0.5120

SPLIT 76:
Recomputed: 1 splits, 1 features; worst-case edges: 342
Delta edges: 342 ; ll: 3.027119
Total edges: 5010 ; Depth: 36
Errcode = Stop; KLD = 5857.327413
Actual delta ll: 5.904334
Elapsed time: 4.144000 seconds
Delta time: 0.064000 seconds
Times: pick=1.4920 split=0.4160 update=1.6760
Times: edges=0.1360 ll=1.0840 efx=0.9640 1dsearch=0.0200
Times: emp_p=0.0680 exp_p=0.2000 score2d=0.5160

SPLIT 77:
Recomputed: 13 splits, 14 features; worst-case edges: 935
Delta edges: 392 ; ll: 2.456536
Total edges: 5402 ; Depth: 38
Errcode = Stop; KLD = 5853.877427
Actual delta ll: 3.449986
Elapsed time: 4.228000 seconds
Delta time: 0.084000 seconds
Times: pick=1.5200 split=0.4320 update=1.7160
Times: edges=0.1440 ll=1.1000 efx=0.9800 1dsearch=0.0240
Times: emp_p=0.0680 exp_p=0.2040 score2d=0.5160

SPLIT 78:
Recomputed: 22 splits, 17 features; worst-case edges: 918
Learning converged with edge penalty of 0.000781.
Continuing with new edge cost of 0.000391.
Recomputed: 21 splits, 19 features; worst-case edges: 1724
Delta edges: 1724 ; ll: 2.860653
Total edges: 7126 ; Depth: 40
Errcode = Stop; KLD = 5850.061788
Actual delta ll: 3.815639
Elapsed time: 4.412000 seconds
Delta time: 0.184000 seconds
Times: pick=1.6320 split=0.4440 update=1.7760
Times: edges=0.1680 ll=1.1680 efx=1.0480 1dsearch=0.0240
Times: emp_p=0.0680 exp_p=0.2120 score2d=0.5160

SPLIT 79:
Recomputed: 8 splits, 10 features; worst-case edges: 1372
Delta edges: 199 ; ll: 2.439010
Total edges: 7325 ; Depth: 41
Errcode = Stop; KLD = 5846.661232
Actual delta ll: 3.400556
Elapsed time: 4.520000 seconds
Delta time: 0.108000 seconds
Times: pick=1.6640 split=0.4560 update=1.8400
Times: edges=0.1760 ll=1.1880 efx=1.0640 1dsearch=0.0240
Times: emp_p=0.0680 exp_p=0.2160 score2d=0.5200

SPLIT 80:
Recomputed: 16 splits, 15 features; worst-case edges: 1862
Learning converged with edge penalty of 0.000391.
Continuing with new edge cost of 0.000195.
Recomputed: 6 splits, 6 features; worst-case edges: 2940
Delta edges: 1541 ; ll: 2.681067
Total edges: 8866 ; Depth: 43
Errcode = Stop; KLD = 5843.623484
Actual delta ll: 3.037748
Elapsed time: 4.688000 seconds
Delta time: 0.168000 seconds
Times: pick=1.7560 split=0.4760 update=1.8960
Times: edges=0.1880 ll=1.2440 efx=1.1120 1dsearch=0.0240
Times: emp_p=0.0680 exp_p=0.2200 score2d=0.5240

SPLIT 81:
Recomputed: 1 splits, 1 features; worst-case edges: 1463
Delta edges: 1463 ; ll: 2.966276
Total edges: 10329 ; Depth: 44
Errcode = Stop; KLD = 5840.112297
Actual delta ll: 3.511187
Elapsed time: 4.776000 seconds
Delta time: 0.088000 seconds
Times: pick=1.7640 split=0.4880 update=1.9640
Times: edges=0.1880 ll=1.2480 efx=1.1160 1dsearch=0.0240
Times: emp_p=0.0680 exp_p=0.2280 score2d=0.5240

SPLIT 82:
Recomputed: 17 splits, 17 features; worst-case edges: 3179
Delta edges: 36 ; ll: 2.225636
Total edges: 10365 ; Depth: 44
Errcode = Stop; KLD = 5837.476879
Actual delta ll: 2.635419
Elapsed time: 4.936000 seconds
Delta time: 0.160000 seconds
Times: pick=1.8560 split=0.5000 update=2.0200
Times: edges=0.2120 ll=1.3080 efx=1.1760 1dsearch=0.0240
Times: emp_p=0.0680 exp_p=0.2360 score2d=0.5240

SPLIT 83:
Recomputed: 5 splits, 5 features; worst-case edges: 1733
Learning converged with edge penalty of 0.000195.
Continuing with new edge cost of 0.000098.
Recomputed: 8 splits, 8 features; worst-case edges: 5252
Delta edges: 3431 ; ll: 2.679980
Total edges: 13796 ; Depth: 46
Errcode = Stop; KLD = 5833.934110
Actual delta ll: 3.542768
Elapsed time: 5.132000 seconds
Delta time: 0.196000 seconds
Times: pick=1.9600 split=0.5200 update=2.0920
Times: edges=0.2320 ll=1.3600 efx=1.2280 1dsearch=0.0240
Times: emp_p=0.0680 exp_p=0.2480 score2d=0.5240

SPLIT 84:
Recomputed: 14 splits, 13 features; worst-case edges: 6249
Learning converged with edge penalty of 0.000098.
Continuing with new edge cost of 0.000049.
Recomputed: 4 splits, 4 features; worst-case edges: 7348
Delta edges: 7348 ; ll: 2.754699
Total edges: 21144 ; Depth: 47
Errcode = Stop; KLD = 5830.300732
Actual delta ll: 3.633378
Elapsed time: 5.344000 seconds
Delta time: 0.212000 seconds
Times: pick=2.0800 split=0.5360 update=2.1680
Times: edges=0.2800 ll=1.4000 efx=1.2680 1dsearch=0.0240
Times: emp_p=0.0680 exp_p=0.2560 score2d=0.5240

SPLIT 85:
Recomputed: 10 splits, 11 features; worst-case edges: 7708
Delta edges: 368 ; ll: 2.169697
Total edges: 21512 ; Depth: 47
Errcode = Stop; KLD = 5827.329521
Actual delta ll: 2.971211
Elapsed time: 5.540000 seconds
Delta time: 0.196000 seconds
Times: pick=2.1520 split=0.5480 update=2.2800
Times: edges=0.3000 ll=1.4320 efx=1.3000 1dsearch=0.0240
Times: emp_p=0.0680 exp_p=0.2680 score2d=0.5240

SPLIT 86:
Recomputed: 1 splits, 1 features; worst-case edges: 165
Learning converged with edge penalty of 0.000049.
Continuing with new edge cost of 0.000024.
Recomputed: 5 splits, 5 features; worst-case edges: 10509
Delta edges: 8598 ; ll: 2.522400
Total edges: 30110 ; Depth: 49
Errcode = Stop; KLD = 5823.521404
Actual delta ll: 3.808117
Elapsed time: 5.824000 seconds
Delta time: 0.284000 seconds
Times: pick=2.2240 split=0.5800 update=2.4600
Times: edges=0.3360 ll=1.4440 efx=1.3120 1dsearch=0.0240
Times: emp_p=0.0680 exp_p=0.2800 score2d=0.5240

SPLIT 87:
Recomputed: 8 splits, 8 features; worst-case edges: 14171
Delta edges: 7331 ; ll: 2.335810
Total edges: 37441 ; Depth: 51
Errcode = Stop; KLD = 5818.534757
Actual delta ll: 4.986647
Elapsed time: 6.388000 seconds
Delta time: 0.564000 seconds
Times: pick=2.3320 split=0.6240 update=2.8720
Times: edges=0.3920 ll=1.4840 efx=1.3520 1dsearch=0.0240
Times: emp_p=0.0680 exp_p=0.2960 score2d=0.5240

SPLIT 88:
Recomputed: 5 splits, 7 features; worst-case edges: 7486
Delta edges: 2160 ; ll: 2.290139
Total edges: 39601 ; Depth: 51
Errcode = Stop; KLD = 5814.316149
Actual delta ll: 4.218609
Elapsed time: 7.124000 seconds
Delta time: 0.736000 seconds
Times: pick=2.5680 split=0.6680 update=3.3280
Times: edges=0.5360 ll=1.5480 efx=1.4160 1dsearch=0.0280
Times: emp_p=0.0680 exp_p=0.3160 score2d=0.5240

SPLIT 89:
Recomputed: 4 splits, 4 features; worst-case edges: 7481
Learning converged with edge penalty of 0.000024.
Continuing with new edge cost of 0.000012.
Recomputed: 3 splits, 3 features; worst-case edges: 14960
Learning converged with edge penalty of 0.000012.
Continuing with new edge cost of 0.000006.
Recomputed: 2 splits, 2 features; worst-case edges: 23250
Delta edges: 21327 ; ll: 2.299375
Total edges: 60928 ; Depth: 53
Errcode = Stop; KLD = 5810.020463
Actual delta ll: 4.295685
Elapsed time: 8.280000 seconds
Delta time: 1.156000 seconds
Times: pick=2.9720 split=0.7720 update=3.9760
Times: edges=0.6920 ll=1.6400 efx=1.5080 1dsearch=0.0280
Times: emp_p=0.0680 exp_p=0.3480 score2d=0.5240

SPLIT 90:
Recomputed: 1 splits, 1 features; worst-case edges: 22318
Learning converged with edge penalty of 0.000006.
Continuing with new edge cost of 0.000003.
Recomputed: 1 splits, 1 features; worst-case edges: 9
Delta edges: 9 ; ll: 2.363649
Total edges: 60937 ; Depth: 53
Errcode = Stop; KLD = 5806.186279
Actual delta ll: 3.834184
Elapsed time: 8.996000 seconds
Delta time: 0.716000 seconds
Times: pick=3.1920 split=0.8480 update=4.3960
Times: edges=0.7400 ll=1.6720 efx=1.5400 1dsearch=0.0280
Times: emp_p=0.0680 exp_p=0.3800 score2d=0.5280

SPLIT 91:
Recomputed: 0 splits, 1 features; worst-case edges: 0
Learning converged with edge penalty of 0.000003.
Continuing with new edge cost of 0.000002.
Recomputed: 0 splits, 1 features; worst-case edges: 0
Learning converged with edge penalty of 0.000002.
Continuing with new edge cost of 0.000001.
Recomputed: 0 splits, 1 features; worst-case edges: 0
Learning converged with edge penalty of 0.000001.
Continuing with new edge cost of 0.000000.
Recomputed: 0 splits, 1 features; worst-case edges: 0
Learning converged with edge penalty of 0.000000.
Continuing with new edge cost of 0.000000.
Recomputed: 0 splits, 1 features; worst-case edges: 0
Learning converged with edge penalty of 0.000000.
Continuing with new edge cost of 0.000000.
Recomputed: 0 splits, 1 features; worst-case edges: 0
Learning converged with edge penalty of 0.000000.
Continuing with new edge cost of 0.000000.
Recomputed: 0 splits, 1 features; worst-case edges: 0
Learning converged with edge penalty of 0.000000.
Continuing with new edge cost of 0.000000.
Recomputed: 0 splits, 1 features; worst-case edges: 0
Learning converged with edge penalty of 0.000000.
Continuing with new edge cost of 0.000000.
Recomputed: 0 splits, 1 features; worst-case edges: 0
Learning converged with edge penalty of 0.000000.
Continuing with new edge cost of 0.000000.
Recomputed: 0 splits, 1 features; worst-case edges: 0
Learning converged with edge penalty of 0.000000.
Continuing with new edge cost of 0.000000.
Recomputed: 0 splits, 1 features; worst-case edges: 0
Learning converged with edge penalty of 0.000000.
Continuing with new edge cost of 0.000000.
Recomputed: 0 splits, 1 features; worst-case edges: 0
Learning converged with edge penalty of 0.000000.
Continuing with new edge cost of 0.000000.
Recomputed: 0 splits, 1 features; worst-case edges: 0
Learning converged with edge penalty of 0.000000.
Continuing with new edge cost of 0.000000.
Recomputed: 0 splits, 1 features; worst-case edges: 0
Learning converged with edge penalty of 0.000000.
Continuing with new edge cost of 0.000000.
Recomputed: 0 splits, 1 features; worst-case edges: 0
Learning converged with edge penalty of 0.000000.
Continuing with new edge cost of 0.000000.
Recomputed: 0 splits, 1 features; worst-case edges: 0
Learning converged with edge penalty of 0.000000.
Continuing with new edge cost of 0.000000.
Recomputed: 0 splits, 1 features; worst-case edges: 0
Learning converged with edge penalty of 0.000000.
Continuing with new edge cost of 0.000000.
Recomputed: 0 splits, 1 features; worst-case edges: 0
Learning converged with edge penalty of 0.000000.
Continuing with new edge cost of 0.000000.
Recomputed: 0 splits, 1 features; worst-case edges: 0
Learning converged with edge penalty of 0.000000.
Continuing with new edge cost of 0.000000.
Recomputed: 0 splits, 1 features; worst-case edges: 0
Learning converged with edge penalty of 0.000000.
Continuing with new edge cost of 0.000000.
Recomputed: 0 splits, 1 features; worst-case edges: 0
Learning converged with edge penalty of 0.000000.
Continuing with new edge cost of 0.000000.
Recomputed: 0 splits, 1 features; worst-case edges: 0
Learning converged with edge penalty of 0.000000.
Continuing with new edge cost of 0.000000.
Recomputed: 0 splits, 1 features; worst-case edges: 0
Learning converged with edge penalty of 0.000000.
Continuing with new edge cost of 0.000000.
Recomputed: 0 splits, 1 features; worst-case edges: 0
Learning converged with edge penalty of 0.000000.
Continuing with new edge cost of 0.000000.
Recomputed: 0 splits, 1 features; worst-case edges: 0
Learning converged with edge penalty of 0.000000.
Continuing with new edge cost of 0.000000.
Recomputed: 0 splits, 1 features; worst-case edges: 0
Learning converged with edge penalty of 0.000000.
Continuing with new edge cost of 0.000000.
Recomputed: 0 splits, 1 features; worst-case edges: 0
Learning converged with edge penalty of 0.000000.
Continuing with new edge cost of 0.000000.
Recomputed: 1 splits, 1 features; worst-case edges: 45565
Delta edges: 45565 ; ll: 2.323969
Total edges: 106502 ; Depth: 55
Errcode = Stop; KLD = 5802.211750
Actual delta ll: 3.974529
Elapsed time: 12.936000 seconds
Delta time: 3.940000 seconds
Times: pick=6.0640 split=1.0320 update=5.2800
Times: edges=0.8040 ll=2.1280 efx=1.9920 1dsearch=0.0280
Times: emp_p=0.0680 exp_p=0.4320 score2d=0.5320

SPLIT 92:
Recomputed: 0 splits, 1 features; worst-case edges: 0
Learning converged with edge penalty of 0.000000.
Continuing with new edge cost of 0.000000.
Recomputed: 1 splits, 1 features; worst-case edges: 91402
Delta edges: 91402 ; ll: 2.196650
Total edges: 197904 ; Depth: 57
Errcode = Stop; KLD = 5798.126885
Actual delta ll: 4.084865
Elapsed time: 15.468000 seconds
Delta time: 2.532000 seconds
Times: pick=6.5000 split=1.4120 update=6.9960
Times: edges=0.9520 ll=2.1880 efx=2.0520 1dsearch=0.0280
Times: emp_p=0.0680 exp_p=0.5560 score2d=0.5360

SPLIT 93:
Recomputed: 0 splits, 1 features; worst-case edges: 0
Learning converged with edge penalty of 0.000000.
Continuing with new edge cost of 0.000000.
Recomputed: 0 splits, 1 features; worst-case edges: 0
Learning converged with edge penalty of 0.000000.
Continuing with new edge cost of 0.000000.
Recomputed: 0 splits, 1 features; worst-case edges: 0
Learning converged with edge penalty of 0.000000.
Continuing with new edge cost of 0.000000.
Recomputed: 0 splits, 1 features; worst-case edges: 0
Learning converged with edge penalty of 0.000000.
Continuing with new edge cost of 0.000000.
Recomputed: 0 splits, 1 features; worst-case edges: 0
Learning converged with edge penalty of 0.000000.
Continuing with new edge cost of 0.000000.
Recomputed: 0 splits, 1 features; worst-case edges: 0
Learning converged with edge penalty of 0.000000.
Continuing with new edge cost of 0.000000.
Recomputed: 0 splits, 1 features; worst-case edges: 0
Learning converged with edge penalty of 0.000000.
Continuing with new edge cost of 0.000000.
Recomputed: 0 splits, 1 features; worst-case edges: 0
Learning converged with edge penalty of 0.000000.
Continuing with new edge cost of 0.000000.
Recomputed: 0 splits, 1 features; worst-case edges: 0
Learning converged with edge penalty of 0.000000.
Continuing with new edge cost of 0.000000.
Recomputed: 0 splits, 1 features; worst-case edges: 0
Learning converged with edge penalty of 0.000000.
Continuing with new edge cost of 0.000000.
Recomputed: 0 splits, 1 features; worst-case edges: 0
Learning converged with edge penalty of 0.000000.
Continuing with new edge cost of 0.000000.
Recomputed: 0 splits, 1 features; worst-case edges: 0
Learning converged with edge penalty of 0.000000.
Continuing with new edge cost of 0.000000.
Recomputed: 0 splits, 1 features; worst-case edges: 0
Learning converged with edge penalty of 0.000000.
Continuing with new edge cost of 0.000000.
Recomputed: 0 splits, 1 features; worst-case edges: 0
Learning converged with edge penalty of 0.000000.
Continuing with new edge cost of 0.000000.
Recomputed: 0 splits, 1 features; worst-case edges: 0
Learning converged with edge penalty of 0.000000.
Continuing with new edge cost of 0.000000.
Recomputed: 0 splits, 1 features; worst-case edges: 0
Learning converged with edge penalty of 0.000000.
Continuing with new edge cost of 0.000000.
Recomputed: 1 splits, 2 features; worst-case edges: 2
Learning converged with edge penalty of 0.000000.
Continuing with new edge cost of 0.000000.
Recomputed: 6 splits, 7 features; worst-case edges: 2097
Learning converged with edge penalty of 0.000000.
Continuing with new edge cost of 0.000000.
Recomputed: 0 splits, 1 features; worst-case edges: 0
Learning converged with edge penalty of 0.000000.
Continuing with new edge cost of 0.000000.
Recomputed: 18 splits, 18 features; worst-case edges: 2
Learning converged with edge penalty of 0.000000.
Continuing with new edge cost of 0.000000.
Recomputed: 21 splits, 20 features; worst-case edges: 2
Learning converged with edge penalty of 0.000000.
Continuing with new edge cost of 0.000000.
Recomputed: 5 splits, 5 features; worst-case edges: 9
Learning converged with edge penalty of 0.000000.
Continuing with new edge cost of 0.000000.
Recomputed: 6 splits, 5 features; worst-case edges: 2
Learning converged with edge penalty of 0.000000.
Continuing with new edge cost of 0.000000.
Recomputed: 21 splits, 19 features; worst-case edges: 2
Learning converged with edge penalty of 0.000000.
Continuing with new edge cost of 0.000000.
Recomputed: 4 splits, 4 features; worst-case edges: 2
Delta edges: 2 ; ll: 2.154951
WARNING: Actual delta edges = 71
Total edges: 197975 ; Depth: 58
Errcode = Stop; KLD = 5795.407166
Actual delta ll: 2.719719
Elapsed time: 32.872000 seconds
Delta time: 17.404000 seconds
Times: pick=22.1520 split=1.5920 update=8.5680
Times: edges=5.4800 ll=7.4040 efx=7.2520 1dsearch=0.0280
Times: emp_p=0.0680 exp_p=0.6440 score2d=0.5440

SPLIT 94:
Recomputed: 11 splits, 11 features; worst-case edges: 2
Learning converged with edge penalty of 0.000000.
Continuing with new edge cost of 0.000000.
Recomputed: 3 splits, 3 features; worst-case edges: 2
Delta edges: 2 ; ll: 2.566866
WARNING: Actual delta edges = 183028
Total edges: 381003 ; Depth: 60
Errcode = Stop; KLD = 5791.494120
Actual delta ll: 3.913046
Elapsed time: 38.656000 seconds
Delta time: 5.784000 seconds
Times: pick=24.5280 split=2.2840 update=11.2840
Times: edges=6.7800 ll=8.1240 efx=7.9720 1dsearch=0.0360
Times: emp_p=0.0680 exp_p=0.8400 score2d=0.5440

SPLIT 95:
Recomputed: 0 splits, 1 features; worst-case edges: 0

Learning converged.
Total time: 39.152000 seconds
